<?xml version="1.0" encoding="UTF-8"?>
<!-- Generated by org.testng.reporters.JUnitXMLReporter -->
<testsuite hostname="Bee" ignored="0" name="Login By Facebook" tests="6" failures="1" timestamp="20 Jun 2017 22:08:07 GMT" time="68.739" errors="0">
  <testcase name="VerifyLoginByEmailIsPerformed" time="26.035" classname="testCases.VerifyLoginIntoDrive2"/>
  <testcase name="VerifyLoginByFacebookIsPerformed" time="0.004" classname="testCases.VerifyLoginIntoDrive2"/>
  <testcase name="VerifyLoginByVKontakteIsPerformed" time="1.887" classname="testCases.VerifyLoginIntoDrive2">
    <failure type="org.openqa.selenium.NoSuchElementException" message="An element could not be located on the page using the given search parameters. (WARNING: The server did not provide any stacktrace information)
Command duration or timeout: 1.88 seconds
For documentation on this error, please visit: http://seleniumhq.org/exceptions/no_such_element.html
Build info: version: &amp;apos;unknown&amp;apos;, revision: &amp;apos;unknown&amp;apos;, time: &amp;apos;unknown&amp;apos;
System info: host: &amp;apos;BEE&amp;apos;, ip: &amp;apos;192.168.105.114&amp;apos;, os.name: &amp;apos;Windows 10&amp;apos;, os.arch: &amp;apos;amd64&amp;apos;, os.version: &amp;apos;10.0&amp;apos;, java.version: &amp;apos;1.8.0_131&amp;apos;
Driver info: io.appium.java_client.android.AndroidDriver
Capabilities [{app=C:\Work\Eclipse\Mobile\Drive2\src\com.drive2_577.apk, appPackage=com.drive2, deviceScreenSize=1080x1920, networkConnectionEnabled=true, warnings={}, appWaitPackage=com.drive2, appWaitActivity=com.drive2.activities.StartupActivity, databaseEnabled=false, deviceName=FA41ES900514, platform=LINUX, deviceUDID=FA41ES900514, appActivity=com.drive2.activities.StartupActivity, desired={app=C:\Work\Eclipse\Mobile\Drive2\src\com.drive2_577.apk, newCommandTimeout=200, platformName=Android, deviceName=Android emulator}, newCommandTimeout=200, platformVersion=5.0.2, webStorageEnabled=false, locationContextEnabled=false, takesScreenshot=true, javascriptEnabled=true, deviceModel=HTC6500LVW, platformName=Android, deviceManufacturer=HTC}]
Session ID: 5a92feb3-c082-44e3-9baf-2ceddffeba1d
*** Element info: {Using=id, value=com.drive2:id/startup_authorization_vk_button}">
      <![CDATA[org.openqa.selenium.NoSuchElementException: An element could not be located on the page using the given search parameters. (WARNING: The server did not provide any stacktrace information)
Command duration or timeout: 1.88 seconds
For documentation on this error, please visit: http://seleniumhq.org/exceptions/no_such_element.html
Build info: version: 'unknown', revision: 'unknown', time: 'unknown'
System info: host: 'BEE', ip: '192.168.105.114', os.name: 'Windows 10', os.arch: 'amd64', os.version: '10.0', java.version: '1.8.0_131'
Driver info: io.appium.java_client.android.AndroidDriver
Capabilities [{app=C:\Work\Eclipse\Mobile\Drive2\src\com.drive2_577.apk, appPackage=com.drive2, deviceScreenSize=1080x1920, networkConnectionEnabled=true, warnings={}, appWaitPackage=com.drive2, appWaitActivity=com.drive2.activities.StartupActivity, databaseEnabled=false, deviceName=FA41ES900514, platform=LINUX, deviceUDID=FA41ES900514, appActivity=com.drive2.activities.StartupActivity, desired={app=C:\Work\Eclipse\Mobile\Drive2\src\com.drive2_577.apk, newCommandTimeout=200, platformName=Android, deviceName=Android emulator}, newCommandTimeout=200, platformVersion=5.0.2, webStorageEnabled=false, locationContextEnabled=false, takesScreenshot=true, javascriptEnabled=true, deviceModel=HTC6500LVW, platformName=Android, deviceManufacturer=HTC}]
Session ID: 5a92feb3-c082-44e3-9baf-2ceddffeba1d
*** Element info: {Using=id, value=com.drive2:id/startup_authorization_vk_button}
	at org.openqa.selenium.remote.ErrorHandler.createThrowable(ErrorHandler.java:215)
	at org.openqa.selenium.remote.ErrorHandler.throwIfResponseFailed(ErrorHandler.java:167)
	at org.openqa.selenium.remote.RemoteWebDriver.execute(RemoteWebDriver.java:671)
	at io.appium.java_client.DefaultGenericMobileDriver.execute(DefaultGenericMobileDriver.java:42)
	at io.appium.java_client.AppiumDriver.execute(AppiumDriver.java:1)
	at io.appium.java_client.android.AndroidDriver.execute(AndroidDriver.java:1)
	at org.openqa.selenium.remote.RemoteWebDriver.findElement(RemoteWebDriver.java:410)
	at io.appium.java_client.DefaultGenericMobileDriver.findElement(DefaultGenericMobileDriver.java:62)
	at io.appium.java_client.AppiumDriver.findElement(AppiumDriver.java:1)
	at io.appium.java_client.android.AndroidDriver.findElement(AndroidDriver.java:1)
	at org.openqa.selenium.remote.RemoteWebDriver.findElementById(RemoteWebDriver.java:453)
	at io.appium.java_client.DefaultGenericMobileDriver.findElementById(DefaultGenericMobileDriver.java:70)
	at io.appium.java_client.AppiumDriver.findElementById(AppiumDriver.java:1)
	at io.appium.java_client.android.AndroidDriver.findElementById(AndroidDriver.java:1)
	at org.openqa.selenium.By$ById.findElement(By.java:218)
	at org.openqa.selenium.remote.RemoteWebDriver.findElement(RemoteWebDriver.java:402)
	at io.appium.java_client.DefaultGenericMobileDriver.findElement(DefaultGenericMobileDriver.java:58)
	at io.appium.java_client.AppiumDriver.findElement(AppiumDriver.java:1)
	at io.appium.java_client.android.AndroidDriver.findElement(AndroidDriver.java:1)
	at pages.LoginPage.clickOnBtnVK(LoginPage.java:65)
	at testCases.VerifyLoginIntoDrive2.VerifyLoginByVKontakteIsPerformed(VerifyLoginIntoDrive2.java:137)
... Removed 28 stack frames]]>
    </failure>
  </testcase> <!-- VerifyLoginByVKontakteIsPerformed -->
  <testcase name="VerifyLogoutFromAppIsPerformed" time="15.382" classname="testCases.VerifyLoginIntoDrive2"/>
  <testcase name="VerifyRejectLoginByEmailIsPerformed" time="2.863" classname="testCases.VerifyLoginIntoDrive2"/>
  <testcase name="VerifyRejectLoginByVKontakteIsPerformed" time="3.769" classname="testCases.VerifyLoginIntoDrive2"/>
</testsuite> <!-- Login By Facebook -->
