<?xml version="1.0" encoding="UTF-8"?>
<!-- Generated by org.testng.reporters.JUnitXMLReporter -->
<testsuite hostname="Bee" ignored="4" name="Log in" tests="11" failures="2" timestamp="12 Sep 2017 01:05:00 GMT" time="319.788" errors="0">
  <testcase name="verifyRejectLoginByEmailIsPerformed" time="4.229" classname="testCases.LoginTests"/>
  <testcase name="verifyThatSystemRejectsWrongCredentials" time="14.944" classname="testCases.LoginTests"/>
  <testcase name="verifyLoginByVKontakteIsPerformed" time="28.18" classname="testCases.LoginTests"/>
  <testcase name="verifyLoginByFacebookIsPerformed" time="135.596" classname="testCases.LoginTests">
    <failure type="java.lang.AssertionError" message="expected [DRIVE2.RU] but found []">
      <![CDATA[java.lang.AssertionError: expected [DRIVE2.RU] but found []
	at testCases.LoginTests.verifyLoginByFacebookIsPerformed(LoginTests.java:121)
... Removed 31 stack frames]]>
    </failure>
  </testcase> <!-- verifyLoginByFacebookIsPerformed -->
  <testcase name="verifyLoginByEmailIsPerformed" time="18.476" classname="testCases.LoginTests"/>
  <testcase name="verifyThatChatScreenIsOpened" time="3.465" classname="testCases.ChatTests"/>
  <testcase name="verifyThatDialogWithUserIsOpened" time="4.893" classname="testCases.ChatTests"/>
  <testcase name="verifyThatTextMessageIsSent" time="10.326" classname="testCases.ChatTests"/>
  <testcase name="verifyThatDialogIsClosed" time="3.114" classname="testCases.ChatTests"/>
  <testcase name="verifyThatHomeScreenIsOpened" time="0.158" classname="testCases.HomePageTests">
    <failure type="java.lang.NullPointerException">
      <![CDATA[java.lang.NullPointerException
	at testCases.HomePageTests.verifyThatHomeScreenIsOpened(HomePageTests.java:61)
... Removed 25 stack frames]]>
    </failure>
  </testcase> <!-- verifyThatHomeScreenIsOpened -->
  <testcase name="verifyThatCarOfTheDayIsOpened" time="0.0" classname="testCases.HomePageTests">
    <skipped/>
  </testcase> <!-- verifyThatCarOfTheDayIsOpened -->
  <testcase name="@AfterSuite afterSuite" time="0.0" classname="commonClasses.SetupConnection">
    <ignored/>
  </testcase> <!-- @AfterSuite afterSuite -->
  <testcase name="@AfterSuite afterSuite" time="0.0" classname="commonClasses.SetupConnection">
    <ignored/>
  </testcase> <!-- @AfterSuite afterSuite -->
  <testcase name="@BeforeSuite CreateCapabilities" time="0.0" classname="commonClasses.SetupConnection">
    <ignored/>
  </testcase> <!-- @BeforeSuite CreateCapabilities -->
  <testcase name="@BeforeSuite CreateCapabilities" time="0.0" classname="commonClasses.SetupConnection">
    <ignored/>
  </testcase> <!-- @BeforeSuite CreateCapabilities -->
</testsuite> <!-- Log in -->
